"../../../DummyProject/Content/FirstPerson/NewDataTable.uasset" 0
"../../../DummyProject/Content/FirstPerson/Character/Mesh/SK_Mannequin_Arms_Skeleton.uasset" 1
"../../../DummyProject/Content/FirstPerson/Animations/FirstPerson_Idle.uasset" 2
"../../../DummyProject/Content/FirstPerson/Animations/FirstPerson_JumpEnd.uasset" 3
"../../../DummyProject/Content/FirstPerson/Animations/FirstPerson_JumpLoop.uasset" 4
"../../../DummyProject/Content/FirstPerson/Animations/FirstPerson_JumpStart.uasset" 5
"../../../DummyProject/Content/FirstPerson/Animations/FirstPerson_Run.uasset" 6
"../../../Engine/Content/EditorBlueprintResources/StandardMacros.uasset" 7
"../../../DummyProject/Content/FirstPerson/Animations/FirstPerson_AnimBP.uasset" 8
"../../../DummyProject/Content/FirstPerson/Character/Mesh/FirstPersonAnimBlueprint_Copy.uasset" 9
"../../../DummyProject/Content/FirstPerson/Character/Textures/UE4_LOGO_CARD.uasset" 10
"../../../DummyProject/Content/FirstPerson/FPWeapon/Materials/MaterialLayers/ML_Plastic_Shiny_Beige_LOGO.uasset" 11
"../../../DummyProject/Content/FirstPerson/FPWeapon/Materials/MaterialLayers/T_ML_FineRubber.uasset" 12
"../../../DummyProject/Content/FirstPerson/FPWeapon/Mesh/SK_FPGun_PhysicsAsset.uasset" 13
"../../../DummyProject/Content/FirstPerson/Textures/FirstPersonCrosshair.uasset" 14
"../../../DummyProject/Content/Geometry/Meshes/CubeMaterial.uasset" 15
"../../../DummyProject/Content/Geometry/Meshes/1M_Cube_Chamfer.uasset" 16
"../../../DummyProject/Content/Geometry/Meshes/TemplateFloor.uasset" 17
"../../../DummyProject/Content/StarterContent/Materials/M_Basic_Wall.uasset" 18
"../../../DummyProject/Content/StarterContent/Architecture/Pillar_50x500.uasset" 19
"../../../DummyProject/Content/StarterContent/Architecture/Wall_400x300.uasset" 20
"../../../DummyProject/Content/StarterContent/Architecture/Wall_400x400.uasset" 21
"../../../DummyProject/Content/StarterContent/Architecture/Wall_500x500.uasset" 22
"../../../DummyProject/Content/StarterContent/Architecture/Wall_Door_400x400.uasset" 23
"../../../DummyProject/Content/StarterContent/Architecture/Wall_Window_400x400.uasset" 24
"../../../DummyProject/Content/StarterContent/Audio/Collapse01.uasset" 25
"../../../DummyProject/Content/StarterContent/Audio/Collapse02.uasset" 26
"../../../DummyProject/Content/StarterContent/Audio/Explosion01.uasset" 27
"../../../DummyProject/Content/StarterContent/Audio/Explosion02.uasset" 28
"../../../DummyProject/Content/StarterContent/Audio/Fire01.uasset" 29
"../../../DummyProject/Content/StarterContent/Audio/Fire_Sparks01.uasset" 30
"../../../DummyProject/Content/StarterContent/Audio/Light01.uasset" 31
"../../../DummyProject/Content/StarterContent/Audio/Light01_Cue.uasset" 32
"../../../DummyProject/Content/StarterContent/Audio/Light02.uasset" 33
"../../../DummyProject/Content/StarterContent/Audio/Light02_Cue.uasset" 34
"../../../DummyProject/Content/StarterContent/Audio/Smoke01.uasset" 35
"../../../DummyProject/Content/StarterContent/Audio/Starter_Birds01.uasset" 36
"../../../DummyProject/Content/StarterContent/Audio/Starter_Music01.uasset" 37
"../../../DummyProject/Content/StarterContent/Audio/Starter_Wind05.uasset" 38
"../../../DummyProject/Content/StarterContent/Audio/Starter_Wind06.uasset" 39
"../../../DummyProject/Content/StarterContent/Audio/Steam01.uasset" 40
"../../../DummyProject/Content/StarterContent/Audio/Explosion_Cue.uasset" 41
"../../../DummyProject/Content/StarterContent/Textures/T_Burst_M.uasset" 42
"../../../DummyProject/Content/StarterContent/Particles/Materials/M_Burst.uasset" 43
"../../../DummyProject/Content/StarterContent/Textures/T_Explosion_SubUV.uasset" 44
"../../../DummyProject/Content/StarterContent/Particles/Materials/M_explosion_subUV.uasset" 45
"../../../DummyProject/Content/StarterContent/Particles/Materials/m_flare_01.uasset" 46
"../../../Engine/Content/Functions/Engine_MaterialFunctions01/Gradient/RadialGradient.uasset" 47
"../../../DummyProject/Content/StarterContent/Particles/Materials/M_radial_ramp.uasset" 48
"../../../DummyProject/Content/StarterContent/Textures/T_Smoke_SubUV.uasset" 49
"../../../DummyProject/Content/StarterContent/Textures/T_Smoke_Tiled_D.uasset" 50
"../../../DummyProject/Content/StarterContent/Particles/Materials/M_smoke_subUV.uasset" 51
"../../../DummyProject/Content/StarterContent/Particles/P_Explosion.uasset" 52
"../../../DummyProject/Content/StarterContent/Blueprints/Blueprint_Effect_Explosion.uasset" 53
"../../../Engine/Content/EditorMeshes/ColorCalibrator/T_ColorGrid.uasset" 54
"../../../DummyProject/Content/StarterContent/Materials/M_ColorGrid_LowSpec.uasset" 55
"../../../DummyProject/Content/StarterContent/Textures/T_Bush_D.uasset" 56
"../../../DummyProject/Content/StarterContent/Textures/T_Bush_N.uasset" 57
"../../../DummyProject/Content/StarterContent/Props/Materials/M_Bush.uasset" 58
"../../../DummyProject/Content/StarterContent/Props/SM_Bush.uasset" 59
"../../../DummyProject/Content/StarterContent/Textures/T_Chair_M.uasset" 60
"../../../DummyProject/Content/StarterContent/Textures/T_Chair_N.uasset" 61
"../../../DummyProject/Content/StarterContent/Props/Materials/M_Chair.uasset" 62
"../../../DummyProject/Content/StarterContent/Props/SM_Couch.uasset" 63
"../../../DummyProject/Content/StarterContent/Materials/M_Glass.uasset" 64
"../../../DummyProject/Content/StarterContent/Textures/T_Door_M.uasset" 65
"../../../DummyProject/Content/StarterContent/Textures/T_Door_N.uasset" 66
"../../../DummyProject/Content/StarterContent/Props/Materials/M_Door.uasset" 67
"../../../DummyProject/Content/StarterContent/Props/SM_Door.uasset" 68
"../../../DummyProject/Content/StarterContent/Props/Materials/M_MaterialSphere.uasset" 69
"../../../DummyProject/Content/StarterContent/Props/Materials/M_MaterialSphere_Plain.uasset" 70
"../../../DummyProject/Content/StarterContent/Props/SM_MatPreviewMesh_02.uasset" 71
"../../../Engine/Content/Functions/Engine_MaterialFunctions02/Utility/BlendAngleCorrectedNormals.uasset" 72
"../../../DummyProject/Content/StarterContent/Textures/T_Detail_Rocky_N.uasset" 73
"../../../DummyProject/Content/StarterContent/Textures/T_Rock_Basalt_D.uasset" 74
"../../../DummyProject/Content/StarterContent/Textures/T_RockMesh_M.uasset" 75
"../../../DummyProject/Content/StarterContent/Textures/T_RockMesh_N.uasset" 76
"../../../DummyProject/Content/StarterContent/Props/Materials/M_Rock.uasset" 77
"../../../DummyProject/Content/StarterContent/Props/SM_Rock.uasset" 78
"../../../DummyProject/Content/StarterContent/Textures/T_Shelf_M.uasset" 79
"../../../DummyProject/Content/StarterContent/Textures/T_Shelf_N.uasset" 80
"../../../DummyProject/Content/StarterContent/Props/Materials/M_Shelf.uasset" 81
"../../../DummyProject/Content/StarterContent/Props/SM_Shelf.uasset" 82
"../../../DummyProject/Content/StarterContent/Materials/M_Basic_Floor.uasset" 83
"../../../DummyProject/Content/StarterContent/Props/SM_Stairs.uasset" 84
"../../../DummyProject/Content/StarterContent/Shapes/Shape_Cone.uasset" 85
"../../../DummyProject/Content/StarterContent/Shapes/Shape_Cylinder.uasset" 86
"../../../DummyProject/Content/StarterContent/Shapes/Shape_NarrowCapsule.uasset" 87
"../../../DummyProject/Content/StarterContent/Shapes/Shape_Pipe.uasset" 88
"../../../DummyProject/Content/StarterContent/Shapes/Shape_Pipe_180.uasset" 89
"../../../DummyProject/Content/StarterContent/Shapes/Shape_Pipe_90.uasset" 90
"../../../DummyProject/Content/StarterContent/Shapes/Shape_Plane.uasset" 91
"../../../DummyProject/Content/StarterContent/Shapes/Shape_Torus.uasset" 92
"../../../DummyProject/Content/StarterContent/Shapes/Shape_Trim.uasset" 93
"../../../DummyProject/Content/StarterContent/Shapes/Shape_Trim_90_In.uasset" 94
"../../../DummyProject/Content/StarterContent/Shapes/Shape_Trim_90_Out.uasset" 95
"../../../DummyProject/Content/StarterContent/Shapes/Shape_TriPyramid.uasset" 96
"../../../DummyProject/Content/StarterContent/Shapes/Shape_Tube.uasset" 97
"../../../DummyProject/Content/StarterContent/Shapes/Shape_Wedge_A.uasset" 98
"../../../DummyProject/Content/StarterContent/Shapes/Shape_Wedge_B.uasset" 99
"../../../DummyProject/Content/StarterContent/Shapes/Shape_WideCapsule.uasset" 100
"../../../Engine/Content/Animation/DefaultAnimCurveCompressionSettings.uasset" 101
"../../../Engine/Content/Functions/Engine_MaterialFunctions01/Opacity/CameraDepthFade.uasset" 102
"../../../Engine/Content/EngineMaterials/T_Default_Material_Grid_M.uasset" 103
"../../../Engine/Content/EngineMaterials/T_Default_Material_Grid_N.uasset" 104
"../../../Engine/Content/EngineMaterials/WorldGridMaterial.uasset" 105
"../../../Engine/Content/ArtTools/RenderToTexture/Meshes/S_1_Unit_Plane.uasset" 106
"../../../Engine/Content/EngineMaterials/DefaultMaterial.uasset" 107
"../../../Engine/Content/BasicShapes/Cone.uasset" 108
"../../../Engine/Content/BasicShapes/Cube.uasset" 109
"../../../Engine/Content/BasicShapes/Cylinder.uasset" 110
"../../../Engine/Content/BasicShapes/Plane.uasset" 111
"../../../Engine/Content/BasicShapes/Sphere.uasset" 112
"../../../Engine/Content/EditorLandscapeResources/DataLayer.uasset" 113
"../../../Engine/Content/EditorMaterials/GizmoMaterial.uasset" 114
"../../../Engine/Content/EditorMaterials/MAT_Groups_Toggle.uasset" 115
"../../../Engine/Content/EditorMaterials/MAT_Groups_Visibility.uasset" 116
"../../../Engine/Content/EditorMaterials/PreviewShadowIndicator.uasset" 117
"../../../Engine/Content/EditorMaterials/PreviewShadowIndicatorMaterial.uasset" 118
"../../../Engine/Content/EditorMaterials/MatineeGroups/MAT_ColorTrack.uasset" 119
"../../../Engine/Content/EditorMaterials/MatineeGroups/MAT_Groups_Anim.uasset" 120
"../../../Engine/Content/EditorMaterials/MatineeGroups/MAT_Groups_AudioMaster.uasset" 121
"../../../Engine/Content/EditorMaterials/MatineeGroups/MAT_Groups_Director.uasset" 122
"../../../Engine/Content/EditorMaterials/MatineeGroups/MAT_Groups_Event.uasset" 123
"../../../Engine/Content/EditorMaterials/MatineeGroups/MAT_Groups_Fade.uasset" 124
"../../../Engine/Content/EditorMaterials/MatineeGroups/MAT_Groups_Float.uasset" 125
"../../../Engine/Content/EditorMaterials/MatineeGroups/MAT_Groups_Move.uasset" 126
"../../../Engine/Content/EditorMaterials/MatineeGroups/MAT_Groups_Slomo.uasset" 127
"../../../Engine/Content/EditorMaterials/MatineeGroups/MAT_Groups_Sound.uasset" 128
"../../../Engine/Content/EditorMaterials/MatineeGroups/MAT_Groups_Vector.uasset" 129
"../../../Engine/Content/EditorMaterials/ParticleSystems/PSysThumbnail_NoImage.uasset" 130
"../../../Engine/Content/EditorMaterials/ParticleSystems/PSysThumbnail_OOD.uasset" 131
"../../../Engine/Content/EditorMaterials/Camera/CineMat.uasset" 132
"../../../Engine/Content/EditorMaterials/Camera/MI_CineMat_Rig.uasset" 133
"../../../Engine/Content/EditorMeshes/Camera/SM_CraneRig_Arm.uasset" 134
"../../../Engine/Content/EditorMeshes/Camera/SM_CraneRig_Base.uasset" 135
"../../../Engine/Content/EditorMeshes/Camera/SM_CraneRig_Body.uasset" 136
"../../../Engine/Content/EditorMeshes/Camera/SM_CraneRig_Mount.uasset" 137
"../../../Engine/Content/EditorMeshes/Camera/SM_RailRig_Mount.uasset" 138
"../../../Engine/Content/EditorMeshes/Camera/SM_RailRig_Track.uasset" 139
"../../../Engine/Content/EditorResources/BSPVertex.uasset" 140
"../../../Engine/Content/EditorResources/EmptyActor.uasset" 141
"../../../Engine/Content/EditorResources/S_Actor.uasset" 142
"../../../Engine/Content/EditorResources/S_Note.uasset" 143
"../../../Engine/Content/EditorResources/S_Trigger.uasset" 144
"../../../Engine/Content/EditorResources/AudioIcons/S_AudioComponent.uasset" 145
"../../../Engine/Content/EditorResources/AudioIcons/S_AudioComponent_AutoActivate.uasset" 146
"../../../Engine/Content/EditorResources/LightIcons/S_LightError.uasset" 147
"../../../Engine/Content/EditorResources/SequenceRecorder/Countdown.uasset" 148
"../../../Engine/Content/EditorResources/SequenceRecorder/RecordingIndicator.uasset" 149
"../../../Engine/Content/EditorSounds/Notifications/CompileFailed.uasset" 150
"../../../Engine/Content/EditorSounds/Notifications/CompileFailed_Cue.uasset" 151
"../../../Engine/Content/EditorSounds/Notifications/CompileSuccess.uasset" 152
"../../../Engine/Content/EditorSounds/Notifications/CompileStart_Cue.uasset" 153
"../../../Engine/Content/EditorSounds/Notifications/CompileSuccess_Cue.uasset" 154
"../../../Engine/Content/EngineDamageTypes/DmgTypeBP_Environmental.uasset" 155
"../../../Engine/Content/EngineDebugMaterials/HeatmapGradient.uasset" 156
"../../../Engine/Content/EngineDebugMaterials/BoneWeightMaterial.uasset" 157
"../../../Engine/Content/EngineDebugMaterials/ClothMaterial.uasset" 158
"../../../Engine/Content/EngineDebugMaterials/ClothMaterial_WF.uasset" 159
"../../../Engine/Content/EngineDebugMaterials/DebugEditorMaterial.uasset" 160
"../../../Engine/Content/EngineDebugMaterials/DebugMeshMaterial.uasset" 161
"../../../Engine/Content/EngineDebugMaterials/GeomMaterial.uasset" 162
"../../../Engine/Content/EngineDebugMaterials/M_SimpleTranslucent.uasset" 163
"../../../Engine/Content/EngineFonts/Faces/RobotoBold.uasset" 164
"../../../Engine/Content/EngineFonts/Faces/RobotoBoldItalic.uasset" 165
"../../../Engine/Content/EngineFonts/Faces/RobotoItalic.uasset" 166
"../../../Engine/Content/EngineFonts/Faces/RobotoLight.uasset" 167
"../../../Engine/Content/EngineFonts/Faces/RobotoRegular.uasset" 168
"../../../Engine/Content/EngineFonts/Roboto.uasset" 169
"../../../Engine/Content/EngineFonts/Faces/RobotoTiny.uasset" 170
"../../../Engine/Content/EngineFonts/RobotoTiny.uasset" 171
"../../../Engine/Content/EngineMaterials/BaseFlattenDiffuseMap.uasset" 172
"../../../Engine/Content/EngineMaterials/BaseFlattenEmissiveMap.uasset" 173
"../../../Engine/Content/EngineMaterials/BaseFlattenGrayscaleMap.uasset" 174
"../../../Engine/Content/EngineMaterials/BaseFlattenNormalMap.uasset" 175
"../../../Engine/Content/EngineMaterials/BaseFlattenMaterial.uasset" 176
"../../../Engine/Content/EngineMaterials/DefaultBloomKernel.uasset" 177
"../../../Engine/Content/EngineMaterials/DefaultBokeh.uasset" 178
"../../../Engine/Content/EngineMaterials/DefaultDiffuse.uasset" 179
"../../../Engine/Content/EngineMaterials/DefaultDeferredDecalMaterial.uasset" 180
"../../../Engine/Content/EngineMaterials/DefaultLightFunctionMaterial.uasset" 181
"../../../Engine/Content/EngineMaterials/DefaultPhysicalMaterial.uasset" 182
"../../../Engine/Content/Functions/Engine_MaterialFunctions02/Utility/BreakOutFloat2Components.uasset" 183
"../../../Engine/Content/EngineMaterials/DefaultPostProcessMaterial.uasset" 184
"../../../Engine/Content/EngineFonts/RobotoDistanceField.uasset" 185
"../../../Engine/Content/EngineMaterials/DefaultTextMaterialOpaque.uasset" 186
"../../../Engine/Content/EngineMaterials/DefaultWhiteGrid.uasset" 187
"../../../Engine/Content/EngineMaterials/EditorBrushMaterial.uasset" 188
"../../../Engine/Content/EngineMaterials/Good64x64TilingNoiseHighFreq.uasset" 189
"../../../Engine/Content/EngineMaterials/MiniFont.uasset" 190
"../../../Engine/Content/EngineMaterials/InvalidLightmapSettings.uasset" 191
"../../../Engine/Content/EngineMaterials/M_InvalidLightmapSettings.uasset" 192
"../../../Engine/Content/Functions/Engine_MaterialFunctions02/WorldPositionOffset/CameraOffset.uasset" 193
"../../../Engine/Content/EngineMaterials/PhAT_JointLimitMaterial.uasset" 194
"../../../Engine/Content/EngineMaterials/PreintegratedSkinBRDF.uasset" 195
"../../../Engine/Content/EngineMaterials/RemoveSurfaceMaterial.uasset" 196
"../../../Engine/Content/EngineMaterials/WeightMapPlaceholderTexture.uasset" 197
"../../../Engine/Content/EngineResources/WhiteSquareTexture.uasset" 198
"../../../Engine/Content/EngineMaterials/Widget3DPassThrough.uasset" 199
"../../../Engine/Content/EngineMaterials/Widget3DPassThrough_Masked.uasset" 200
"../../../Engine/Content/EngineMaterials/Widget3DPassThrough_Opaque.uasset" 201
"../../../Engine/Content/EngineMaterials/Widget3DPassThrough_Masked_OneSided.uasset" 202
"../../../Engine/Content/EngineMaterials/Widget3DPassThrough_Opaque_OneSided.uasset" 203
"../../../Engine/Content/EngineMaterials/Widget3DPassThrough_Translucent.uasset" 204
"../../../Engine/Content/EngineMaterials/Widget3DPassThrough_Translucent_OneSided.uasset" 205
"../../../Engine/Content/EngineMeshes/Cylinder.uasset" 206
"../../../Engine/Content/EngineMeshes/Sphere.uasset" 207
"../../../Engine/Content/EngineResources/Black.uasset" 208
"../../../Engine/Content/EngineResources/DefaultTexture.uasset" 209
"../../../Engine/Content/EngineResources/DefaultTextureCube.uasset" 210
"../../../Engine/Content/EngineResources/DefaultVolumeTexture2D.uasset" 211
"../../../Engine/Content/EngineResources/DefaultVolumeTexture.uasset" 212
"../../../Engine/Content/EngineResources/GradientTexture0.uasset" 213
"../../../Engine/Content/EngineSounds/Master.uasset" 214
"../../../Engine/Content/Functions/Engine_MaterialFunctions01/Shading/ConvertFromDiffSpec.uasset" 215
"../../../Engine/Content/Functions/Engine_MaterialFunctions01/Shading/PowerToRoughness.uasset" 216
"../../../Engine/Content/Maps/Templates/Thumbnails/Default.uasset" 217
"../../../Engine/Content/Maps/Templates/Thumbnails/VR-Basic.uasset" 218
"../../../Engine/Content/MobileResources/T_MobileControls_texture.uasset" 219
"../../../Engine/Content/MobileResources/T_MobileMenu2.uasset" 220
"../../../Engine/Content/MobileResources/HUD/AnalogHat.uasset" 221
"../../../Engine/Content/MobileResources/HUD/VirtualJoystick_Background.uasset" 222
"../../../Engine/Content/MobileResources/HUD/VirtualJoystick_Thumb.uasset" 223
"../../../Engine/Content/MobileResources/HUD/DefaultVirtualJoysticks.uasset" 224
"../../../Engine/Content/MobileResources/HUD/LeftVirtualJoystickOnly.uasset" 225
"../../../Engine/Content/MobileResources/HUD/MobileHUDButton1_off.uasset" 226
"../../../Engine/Content/MobileResources/HUD/MobileHUDButton1_on.uasset" 227
"../../../Engine/Content/MobileResources/HUD/MobileHUDButton2_off.uasset" 228
"../../../Engine/Content/MobileResources/HUD/MobileHUDButton2_on.uasset" 229
"../../../Engine/Content/MobileResources/HUD/MobileHUDButton3.uasset" 230
"../../../Engine/Content/MobileResources/HUD/MobileHUDButtonFire.uasset" 231
"../../../Engine/Content/MobileResources/HUD/MobileHUDDirectionPad.uasset" 232
"../../../Engine/Content/MobileResources/HUD/MobileHUDDirectionPad2.uasset" 233
"../../../Engine/Content/MobileResources/HUD/MobileHUDDirectionPad3.uasset" 234
"../../../Engine/Content/MobileResources/HUD/MobileHUDDirectionStick.uasset" 235
"../../../Engine/Content/MobileResources/HUD/T_Castle_ThumbstickInner.uasset" 236
"../../../Engine/Content/MobileResources/HUD/T_Castle_ThumbstickOutter.uasset" 237
"../../../Engine/Content/Tutorial/ContentIntroCurve.uasset" 238
"../../../Engine/Content/Tutorial/Basics/LevelEditorAttract.uasset" 239
"../../../Engine/Content/VREditor/LaserPointer/VR_LaserPower_01.uasset" 240
"../../../Engine/Content/VREditor/TransformGizmo/TransformGizmoMaterial.uasset" 241
"../../../Engine/Content/VREditor/TransformGizmo/TranslucentTransformGizmoMaterial.uasset" 242
"../../../Engine/Content/VREditor/TransformGizmo/BoundingBoxCorner.uasset" 243
"../../../Engine/Content/VREditor/TransformGizmo/BoundingBoxEdge.uasset" 244
"../../../Engine/Content/VREditor/TransformGizmo/PlaneTranslationHandle.uasset" 245
"../../../Engine/Content/VREditor/TransformGizmo/Main.uasset" 246
"../../../Engine/Content/VREditor/TransformGizmo/Xray.uasset" 247
"../../../Engine/Content/VREditor/TransformGizmo/SM_Sequencer_Key.uasset" 248
"../../../Engine/Content/VREditor/TransformGizmo/SM_Sequencer_Node.uasset" 249
"../../Plugins/2D/Paper2D/Content/PlaceholderTextures/DummySpriteTexture.uasset" 250
"../../Plugins/2D/Paper2D/Content/DummySprite.uasset" 251
"../../Plugins/2D/Paper2D/Content/DefaultPaperTerrainMaterial.uasset" 252
"../../Plugins/2D/Paper2D/Content/DummySpriteTexture.uasset" 253
"../../Plugins/2D/Paper2D/Content/DefaultSpriteMaterial.uasset" 254
"../../Plugins/2D/Paper2D/Content/MaskedUnlitSpriteMaterial.uasset" 255
"../../Plugins/2D/Paper2D/Content/OpaqueUnlitSpriteMaterial.uasset" 256
"../../Plugins/Runtime/Oculus/OculusVR/Content/OculusMR_RenderTarget.uasset" 257
"../../../Engine/Content/Functions/Engine_MaterialFunctions02/Utility/BreakOutFloat4Components.uasset" 258
"../../../Engine/Content/Functions/Engine_MaterialFunctions02/Utility/MakeFloat2.uasset" 259
"../../../Engine/Content/Functions/Engine_MaterialFunctions02/Utility/MakeFloat3.uasset" 260
"../../Plugins/Runtime/Oculus/OculusVR/Content/Materials/OculusMR_ChromaKey.uasset" 261
"../../Plugins/Runtime/Oculus/OculusVR/Content/Materials/OculusMR_ChromaKey_Lit.uasset" 262
"../../Plugins/Runtime/Oculus/OculusVR/Content/Materials/OculusMR_OpaqueColoredMaterial.uasset" 263
"../../Plugins/Runtime/Oculus/OculusVR/Content/Materials/OculusMR_WhiteMaterial.uasset" 264
"../../Plugins/Runtime/Oculus/OculusVR/Content/Materials/PokeAHoleMaterial.uasset" 265
"../../Plugins/Runtime/Oculus/OculusVR/Content/Textures/GearVRController_AO.uasset" 266
"../../Plugins/Runtime/Oculus/OculusVR/Content/Textures/GearVRController_Color.uasset" 267
"../../Plugins/Runtime/Oculus/OculusVR/Content/Textures/GearVRController_Normal.uasset" 268
"../../Plugins/Runtime/Oculus/OculusVR/Content/Materials/GearVRControllerMaterial.uasset" 269
"../../Plugins/Runtime/Oculus/OculusVR/Content/Meshes/GearVrController.uasset" 270
"../../Plugins/Runtime/Oculus/OculusVR/Content/Textures/touchController_albedo.uasset" 271
"../../Plugins/Runtime/Oculus/OculusVR/Content/Textures/touchController_controlmap.uasset" 272
"../../Plugins/Runtime/Oculus/OculusVR/Content/Materials/touchController_mat.uasset" 273
"../../Plugins/Runtime/Oculus/OculusVR/Content/Meshes/LeftTouchController.uasset" 274
"../../Plugins/Runtime/Oculus/OculusVR/Content/Meshes/RiftHMD.uasset" 275
"../../Plugins/Runtime/Oculus/OculusVR/Content/Meshes/RightTouchController.uasset" 276
"../../../DummyProject/Content/FirstPerson/Animations/FirstPerson_Fire.uasset" 277
"../../../DummyProject/Content/FirstPerson/Animations/FirstPersonFire_Montage.uasset" 278
"../../../DummyProject/Content/FirstPerson/Meshes/BaseMaterial.uasset" 279
"../../../DummyProject/Content/FirstPerson/Meshes/FirstPersonProjectileMaterial.uasset" 280
"../../../DummyProject/Content/FirstPerson/Meshes/FirstPersonProjectileMesh.uasset" 281
"../../../DummyProject/Content/FirstPersonCPP/Blueprints/FirstPersonProjectile.uasset" 282
"../../../DummyProject/Content/FirstPerson/Audio/FirstPersonTemplateWeaponFire02.uasset" 283
"../../../Engine/Content/Functions/MaterialLayerFunctions/MatLayerBlend_NormalBlend.uasset" 284
"../../../Engine/Content/Functions/MaterialLayerFunctions/MatLayerBlend_Simple.uasset" 285
"../../../DummyProject/Content/FirstPerson/Character/Materials/MaterialLayers/T_ML_Rubber_Blue_01_D.uasset" 286
"../../../DummyProject/Content/FirstPerson/Character/Materials/MaterialLayers/T_ML_Rubber_Blue_01_N.uasset" 287
"../../../DummyProject/Content/FirstPerson/Character/Materials/MaterialLayers/ML_GlossyBlack_Latex_UE4.uasset" 288
"../../../DummyProject/Content/FirstPerson/Character/Materials/MaterialLayers/ML_Plastic_Shiny_Beige.uasset" 289
"../../../DummyProject/Content/FirstPerson/Character/Materials/MaterialLayers/ML_Plastic_Shiny_Beige_LOGO.uasset" 290
"../../../DummyProject/Content/FirstPerson/Character/Materials/MaterialLayers/T_ML_Aluminum01.uasset" 291
"../../../DummyProject/Content/FirstPerson/Character/Materials/MaterialLayers/T_ML_Aluminum01_N.uasset" 292
"../../../DummyProject/Content/FirstPerson/Character/Materials/MaterialLayers/ML_SoftMetal_UE4.uasset" 293
"../../../DummyProject/Content/FirstPerson/Character/Textures/UE4_Mannequin__normals.uasset" 294
"../../../DummyProject/Content/FirstPerson/Character/Textures/UE4_Mannequin_MAT_MASKA.uasset" 295
"../../../DummyProject/Content/FirstPerson/Character/Materials/M_UE4Man_Body.uasset" 296
"../../../DummyProject/Content/FirstPerson/Character/Mesh/SK_Mannequin_Arms_PhysicsAsset.uasset" 297
"../../../DummyProject/Content/FirstPerson/Character/Mesh/SK_Mannequin_Arms.uasset" 298
"../../../DummyProject/Content/FirstPerson/FPWeapon/Materials/MaterialLayers/T_ML_Rubber_Blue_01_D.uasset" 299
"../../../DummyProject/Content/FirstPerson/FPWeapon/Materials/MaterialLayers/T_ML_Rubber_Blue_01_N.uasset" 300
"../../../DummyProject/Content/FirstPerson/FPWeapon/Materials/MaterialLayers/ML_GlossyBlack_Latex_UE4.uasset" 301
"../../../DummyProject/Content/FirstPerson/FPWeapon/Materials/MaterialLayers/ML_Plastic_Shiny_Beige.uasset" 302
"../../../DummyProject/Content/FirstPerson/FPWeapon/Materials/MaterialLayers/ML_Screen.uasset" 303
"../../../DummyProject/Content/FirstPerson/FPWeapon/Materials/MaterialLayers/T_ML_Aluminum01.uasset" 304
"../../../DummyProject/Content/FirstPerson/FPWeapon/Materials/MaterialLayers/T_ML_Aluminum01_N.uasset" 305
"../../../DummyProject/Content/FirstPerson/FPWeapon/Materials/MaterialLayers/ML_SoftMetal_UE4.uasset" 306
"../../../DummyProject/Content/FirstPerson/FPWeapon/Textures/T_FPGun_M.uasset" 307
"../../../DummyProject/Content/FirstPerson/FPWeapon/Textures/T_FPGun_N.uasset" 308
"../../../DummyProject/Content/FirstPerson/FPWeapon/Materials/M_FPGun.uasset" 309
"../../../DummyProject/Content/FirstPerson/FPWeapon/Mesh/SK_FPGun_Skeleton.uasset" 310
"../../../DummyProject/Content/FirstPerson/FPWeapon/Mesh/SK_FPGun.uasset" 311
"../../../DummyProject/Content/FirstPersonCPP/Blueprints/FirstPersonCharacter.uasset" 312
"../../../Engine/Content/EngineSky/C_Sky_Cloud_Color.uasset" 313
"../../../Engine/Content/EngineSky/C_Sky_Horizon_Color.uasset" 314
"../../../Engine/Content/EngineSky/C_Sky_Zenith_Color.uasset" 315
"../../../Engine/Content/EngineSky/T_Sky_Blue.uasset" 316
"../../../Engine/Content/EngineSky/T_Sky_Clouds_M.uasset" 317
"../../../Engine/Content/EngineSky/T_Sky_Stars.uasset" 318
"../../../Engine/Content/EngineSky/M_Sky_Panning_Clouds2.uasset" 319
"../../../Engine/Content/EngineSky/SM_SkySphere.uasset" 320
"../../../Engine/Content/EngineSky/BP_Sky_Sphere.uasset" 321
"../../../DummyProject/Content/FirstPersonCPP/Maps/FirstPersonExampleMap_BuiltData.uasset" 322
"../../../Engine/Content/Functions/Engine_MaterialFunctions03/Procedurals/ComputeFilterWidth.uasset" 323
"../../../Engine/Content/EngineMaterials/AntiAliasedTextMaterialTranslucent.uasset" 324
"../../../DummyProject/Content/FirstPerson/Meshes/CubeMaterialOverride.uasset" 325
"../../../DummyProject/Content/Geometry/Meshes/1M_Cube.uasset" 326
"../../../DummyProject/Content/FirstPersonCPP/Maps/FirstPersonExampleMap.umap" 327
"../../../DummyProject/Content/StarterContent/Blueprints/Assets/FogBrightnessLUT.uasset" 328
"../../../DummyProject/Content/StarterContent/Blueprints/Assets/SunlightColorLUT.uasset" 329
"../../../DummyProject/Content/StarterContent/Blueprints/Assets/M_LightStage_Arrows.uasset" 330
"../../../Engine/Content/MapTemplates/Sky/DaylightAmbientCubemap.uasset" 331
"../../../DummyProject/Content/StarterContent/Blueprints/Assets/M_LightStage_Skybox_Master.uasset" 332
"../../../DummyProject/Content/StarterContent/Blueprints/Assets/M_LightStage_Skybox_Black.uasset" 333
"../../../DummyProject/Content/StarterContent/Blueprints/Assets/M_LightStage_Skybox_HDRI.uasset" 334
"../../../Engine/Content/EditorMaterials/Thumbnails/SkySphereMaterial.uasset" 335
"../../../DummyProject/Content/StarterContent/Blueprints/Assets/Skybox.uasset" 336
"../../../DummyProject/Content/StarterContent/Blueprints/Assets/SM_Arrows.uasset" 337
"../../../DummyProject/Content/StarterContent/HDRI/HDRI_Epic_Courtyard_Daylight.uasset" 338
"../../../DummyProject/Content/StarterContent/Blueprints/BP_LightStudio.uasset" 339
"../../../DummyProject/Content/StarterContent/Maps/Advanced_Lighting_BuiltData.uasset" 340
"../../../DummyProject/Content/StarterContent/Materials/M_AssetPlatform.uasset" 341
"../../../Engine/Content/EditorMeshes/ColorCalibrator/M_ChromeBall.uasset" 342
"../../../Engine/Content/EditorMeshes/ColorCalibrator/M_ClearCoat.uasset" 343
"../../../Engine/Content/EditorMeshes/ColorCalibrator/M_ClearCoatBlack.uasset" 344
"../../../Engine/Content/EditorMeshes/ColorCalibrator/Color_checker.uasset" 345
"../../../Engine/Content/EditorMeshes/ColorCalibrator/M_ColorGrid.uasset" 346
"../../../Engine/Content/EditorMeshes/ColorCalibrator/M_GreyBall.uasset" 347
"../../../Engine/Content/EditorMeshes/ColorCalibrator/SM_ColorCalibrator.uasset" 348
"../../../DummyProject/Content/StarterContent/Architecture/SM_AssetPlatform.uasset" 349
"../../../DummyProject/Content/StarterContent/Maps/Advanced_Lighting.umap" 350
"../../../DummyProject/Content/StarterContent/Maps/Minimal_Default_BuiltData.uasset" 351
"../../../DummyProject/Content/StarterContent/Textures/T_MacroVariation.uasset" 352
"../../../DummyProject/Content/StarterContent/Materials/M_Metal_Brushed_Nickel.uasset" 353
"../../../DummyProject/Content/StarterContent/Textures/T_Metal_Aluminum_D.uasset" 354
"../../../DummyProject/Content/StarterContent/Textures/T_Metal_Gold_N.uasset" 355
"../../../DummyProject/Content/StarterContent/Materials/M_Metal_Burnished_Steel.uasset" 356
"../../../DummyProject/Content/StarterContent/Textures/T_Metal_Copper_D.uasset" 357
"../../../DummyProject/Content/StarterContent/Materials/M_Metal_Copper.uasset" 358
"../../../DummyProject/Content/StarterContent/Textures/T_Statue_M.uasset" 359
"../../../DummyProject/Content/StarterContent/Textures/T_Statue_N.uasset" 360
"../../../DummyProject/Content/StarterContent/Props/Materials/M_StatueGlass.uasset" 361
"../../../DummyProject/Content/StarterContent/Architecture/Floor_400x400.uasset" 362
"../../../DummyProject/Content/StarterContent/Audio/Starter_Background_Cue.uasset" 363
"../../../DummyProject/Content/StarterContent/Props/SM_Chair.uasset" 364
"../../../DummyProject/Content/StarterContent/Props/Materials/M_Statue.uasset" 365
"../../../DummyProject/Content/StarterContent/Props/SM_Statue.uasset" 366
"../../../DummyProject/Content/StarterContent/Textures/T_TableRound_M.uasset" 367
"../../../DummyProject/Content/StarterContent/Textures/T_TableRound_N.uasset" 368
"../../../DummyProject/Content/StarterContent/Props/Materials/M_TableRound.uasset" 369
"../../../DummyProject/Content/StarterContent/Props/SM_TableRound.uasset" 370
"../../../DummyProject/Content/StarterContent/Maps/Minimal_Default.umap" 371
"../../../DummyProject/Content/StarterContent/Audio/Fire01_Cue.uasset" 372
"../../../DummyProject/Content/StarterContent/Textures/T_Fire_SubUV.uasset" 373
"../../../DummyProject/Content/StarterContent/Textures/T_Fire_Tiled_D.uasset" 374
"../../../DummyProject/Content/StarterContent/Particles/Materials/M_Fire_SubUV.uasset" 375
"../../../DummyProject/Content/StarterContent/Textures/T_Water_N.uasset" 376
"../../../DummyProject/Content/StarterContent/Particles/Materials/M_Heat_Distortion.uasset" 377
"../../../DummyProject/Content/StarterContent/Particles/Materials/M_Radial_Gradient.uasset" 378
"../../../DummyProject/Content/StarterContent/Particles/P_Fire.uasset" 379
"../../../DummyProject/Content/StarterContent/Blueprints/Blueprint_Effect_Fire.uasset" 380
"../../../DummyProject/Content/StarterContent/Audio/Smoke01_Cue.uasset" 381
"../../../DummyProject/Content/StarterContent/Particles/P_Smoke.uasset" 382
"../../../DummyProject/Content/StarterContent/Blueprints/Blueprint_Effect_Smoke.uasset" 383
"../../../DummyProject/Content/StarterContent/Audio/Fire_Sparks01_Cue.uasset" 384
"../../../DummyProject/Content/StarterContent/Textures/T_Spark_Core.uasset" 385
"../../../DummyProject/Content/StarterContent/Particles/Materials/M_Spark.uasset" 386
"../../../DummyProject/Content/StarterContent/Particles/P_Sparks.uasset" 387
"../../../DummyProject/Content/StarterContent/Blueprints/Blueprint_Effect_Sparks.uasset" 388
"../../../DummyProject/Content/StarterContent/Audio/Steam01_Cue.uasset" 389
"../../../DummyProject/Content/StarterContent/Particles/P_Steam_Lit.uasset" 390
"../../../DummyProject/Content/StarterContent/Blueprints/Blueprint_Effect_Steam.uasset" 391
"../../../DummyProject/Content/StarterContent/Textures/T_Lamp_M.uasset" 392
"../../../DummyProject/Content/StarterContent/Textures/T_Lamp_N.uasset" 393
"../../../DummyProject/Content/StarterContent/Props/Materials/M_Lamp.uasset" 394
"../../../DummyProject/Content/StarterContent/Props/SM_Lamp_Ceiling.uasset" 395
"../../../DummyProject/Content/StarterContent/Blueprints/Blueprint_CeilingLight.uasset" 396
"../../../DummyProject/Content/StarterContent/Props/SM_Lamp_Wall.uasset" 397
"../../../DummyProject/Content/StarterContent/Blueprints/Blueprint_WallSconce.uasset" 398
"../../../DummyProject/Content/StarterContent/Maps/StarterMap_BuiltData.uasset" 399
"../../../DummyProject/Content/StarterContent/Textures/T_Brick_Clay_Beveled_D.uasset" 400
"../../../DummyProject/Content/StarterContent/Textures/T_Brick_Clay_Beveled_M.uasset" 401
"../../../DummyProject/Content/StarterContent/Textures/T_Brick_Clay_Beveled_N.uasset" 402
"../../../DummyProject/Content/StarterContent/Materials/M_Brick_Clay_Beveled.uasset" 403
"../../../DummyProject/Content/StarterContent/Textures/T_Brick_Clay_New_D.uasset" 404
"../../../DummyProject/Content/StarterContent/Textures/T_Brick_Clay_New_M.uasset" 405
"../../../DummyProject/Content/StarterContent/Textures/T_Brick_Clay_New_N.uasset" 406
"../../../DummyProject/Content/StarterContent/Materials/M_Brick_Clay_New.uasset" 407
"../../../DummyProject/Content/StarterContent/Textures/T_Brick_Clay_Old_D.uasset" 408
"../../../DummyProject/Content/StarterContent/Textures/T_Brick_Clay_Old_N.uasset" 409
"../../../DummyProject/Content/StarterContent/Textures/T_Perlin_Noise_M.uasset" 410
"../../../DummyProject/Content/StarterContent/Materials/M_Brick_Clay_Old.uasset" 411
"../../../DummyProject/Content/StarterContent/Textures/T_Brick_Cut_Stone_D.uasset" 412
"../../../DummyProject/Content/StarterContent/Textures/T_Brick_Cut_Stone_N.uasset" 413
"../../../DummyProject/Content/StarterContent/Materials/M_Brick_Cut_Stone.uasset" 414
"../../../DummyProject/Content/StarterContent/Textures/T_Brick_Hewn_Stone_D.uasset" 415
"../../../DummyProject/Content/StarterContent/Textures/T_Brick_Hewn_Stone_M.uasset" 416
"../../../DummyProject/Content/StarterContent/Textures/T_Brick_Hewn_Stone_N.uasset" 417
"../../../DummyProject/Content/StarterContent/Materials/M_Brick_Hewn_Stone.uasset" 418
"../../../DummyProject/Content/StarterContent/Textures/T_Ceramic_Tile_M.uasset" 419
"../../../DummyProject/Content/StarterContent/Textures/T_Ceramic_Tile_N.uasset" 420
"../../../DummyProject/Content/StarterContent/Textures/T_Rock_Marble_Polished_D.uasset" 421
"../../../DummyProject/Content/StarterContent/Materials/M_Ceramic_Tile_Checker.uasset" 422
"../../../DummyProject/Content/StarterContent/Textures/T_CobbleStone_Pebble_D.uasset" 423
"../../../DummyProject/Content/StarterContent/Textures/T_CobbleStone_Pebble_M.uasset" 424
"../../../DummyProject/Content/StarterContent/Textures/T_CobbleStone_Pebble_N.uasset" 425
"../../../DummyProject/Content/StarterContent/Materials/M_CobbleStone_Pebble.uasset" 426
"../../../DummyProject/Content/StarterContent/Textures/T_CobbleStone_Rough_D.uasset" 427
"../../../DummyProject/Content/StarterContent/Textures/T_CobbleStone_Rough_N.uasset" 428
"../../../DummyProject/Content/StarterContent/Textures/T_Gradinet_01.uasset" 429
"../../../DummyProject/Content/StarterContent/Textures/T_Rock_Smooth_Granite_D.uasset" 430
"../../../DummyProject/Content/StarterContent/Materials/M_CobbleStone_Rough.uasset" 431
"../../../DummyProject/Content/StarterContent/Textures/T_CobbleStone_Smooth_D.uasset" 432
"../../../DummyProject/Content/StarterContent/Textures/T_CobbleStone_Smooth_M.uasset" 433
"../../../DummyProject/Content/StarterContent/Textures/T_CobbleStone_Smooth_N.uasset" 434
"../../../DummyProject/Content/StarterContent/Materials/M_CobbleStone_Smooth.uasset" 435
"../../../DummyProject/Content/StarterContent/Textures/T_Concrete_Grime_D.uasset" 436
"../../../DummyProject/Content/StarterContent/Textures/T_Metal_Rust_N.uasset" 437
"../../../DummyProject/Content/StarterContent/Materials/M_Concrete_Grime.uasset" 438
"../../../DummyProject/Content/StarterContent/Textures/T_Concrete_Panels_D.uasset" 439
"../../../DummyProject/Content/StarterContent/Textures/T_Concrete_Panels_N.uasset" 440
"../../../DummyProject/Content/StarterContent/Materials/M_Concrete_Panels.uasset" 441
"../../../DummyProject/Content/StarterContent/Textures/T_Concrete_Poured_D.uasset" 442
"../../../DummyProject/Content/StarterContent/Textures/T_Concrete_Poured_N.uasset" 443
"../../../DummyProject/Content/StarterContent/Materials/M_Concrete_Poured.uasset" 444
"../../../DummyProject/Content/StarterContent/Textures/T_Concrete_Tiles_D.uasset" 445
"../../../DummyProject/Content/StarterContent/Textures/T_Concrete_Tiles_M.uasset" 446
"../../../DummyProject/Content/StarterContent/Textures/T_Concrete_Tiles_N.uasset" 447
"../../../DummyProject/Content/StarterContent/Textures/T_Concrete_Tiles_Variation_M.uasset" 448
"../../../DummyProject/Content/StarterContent/Materials/M_Concrete_Tiles.uasset" 449
"../../../DummyProject/Content/StarterContent/Textures/T_Ground_Grass_D.uasset" 450
"../../../DummyProject/Content/StarterContent/Textures/T_Ground_Grass_N.uasset" 451
"../../../DummyProject/Content/StarterContent/Materials/M_Ground_Grass.uasset" 452
"../../../DummyProject/Content/StarterContent/Textures/T_Ground_Gravel_D.uasset" 453
"../../../DummyProject/Content/StarterContent/Textures/T_Ground_Gravel_N.uasset" 454
"../../../DummyProject/Content/StarterContent/Materials/M_Ground_Gravel.uasset" 455
"../../../DummyProject/Content/StarterContent/Textures/T_ground_Moss_D.uasset" 456
"../../../DummyProject/Content/StarterContent/Textures/T_Ground_Moss_N.uasset" 457
"../../../DummyProject/Content/StarterContent/Materials/M_Ground_Moss.uasset" 458
"../../../DummyProject/Content/StarterContent/Materials/M_Metal_Chrome.uasset" 459
"../../../DummyProject/Content/StarterContent/Textures/T_Metal_Gold_D.uasset" 460
"../../../DummyProject/Content/StarterContent/Materials/M_Metal_Gold.uasset" 461
"../../../DummyProject/Content/StarterContent/Textures/T_Metal_Rust_D.uasset" 462
"../../../DummyProject/Content/StarterContent/Materials/M_Metal_Rust.uasset" 463
"../../../DummyProject/Content/StarterContent/Textures/T_Metal_Steel_D.uasset" 464
"../../../DummyProject/Content/StarterContent/Textures/T_Metal_Steel_N.uasset" 465
"../../../DummyProject/Content/StarterContent/Materials/M_Metal_Steel.uasset" 466
"../../../DummyProject/Content/StarterContent/Textures/T_Rock_Basalt_N.uasset" 467
"../../../DummyProject/Content/StarterContent/Materials/M_Rock_Basalt.uasset" 468
"../../../DummyProject/Content/StarterContent/Materials/M_Rock_Marble_Polished.uasset" 469
"../../../DummyProject/Content/StarterContent/Textures/T_Rock_Sandstone_D.uasset" 470
"../../../DummyProject/Content/StarterContent/Textures/T_Rock_Sandstone_N.uasset" 471
"../../../DummyProject/Content/StarterContent/Materials/M_Rock_Sandstone.uasset" 472
"../../../DummyProject/Content/StarterContent/Textures/T_Rock_Slate_D.uasset" 473
"../../../DummyProject/Content/StarterContent/Textures/T_Rock_Slate_N.uasset" 474
"../../../DummyProject/Content/StarterContent/Materials/M_Rock_Slate.uasset" 475
"../../../DummyProject/Content/StarterContent/Textures/T_Checker_Noise_M.uasset" 476
"../../../DummyProject/Content/StarterContent/Textures/T_Single_Tile_N.uasset" 477
"../../../DummyProject/Content/StarterContent/Textures/T_Tech_Dot_M.uasset" 478
"../../../DummyProject/Content/StarterContent/Textures/T_Tech_Dot_N.uasset" 479
"../../../DummyProject/Content/StarterContent/Materials/M_Tech_Checker_Dot.uasset" 480
"../../../DummyProject/Content/StarterContent/Textures/T_Tech_Hex_Tile_M.uasset" 481
"../../../DummyProject/Content/StarterContent/Textures/T_Tech_Hex_Tile_N.uasset" 482
"../../../DummyProject/Content/StarterContent/Materials/M_Tech_Hex_Tile.uasset" 483
"../../../DummyProject/Content/StarterContent/Materials/M_Tech_Hex_Tile_Pulse.uasset" 484
"../../../DummyProject/Content/StarterContent/Textures/T_Tech_Panel_M.uasset" 485
"../../../DummyProject/Content/StarterContent/Textures/T_Tech_Panel_N.uasset" 486
"../../../DummyProject/Content/StarterContent/Materials/M_Tech_Panel.uasset" 487
"../../../DummyProject/Content/StarterContent/Materials/M_Water_Lake.uasset" 488
"../../../DummyProject/Content/StarterContent/Textures/T_Water_M.uasset" 489
"../../../DummyProject/Content/StarterContent/Materials/M_Water_Ocean.uasset" 490
"../../../DummyProject/Content/StarterContent/Textures/T_Wood_Floor_Walnut_D.uasset" 491
"../../../DummyProject/Content/StarterContent/Textures/T_Wood_Floor_Walnut_M.uasset" 492
"../../../DummyProject/Content/StarterContent/Textures/T_Wood_Floor_Walnut_N.uasset" 493
"../../../DummyProject/Content/StarterContent/Materials/M_Wood_Floor_Walnut_Polished.uasset" 494
"../../../Engine/Content/Functions/Engine_MaterialFunctions01/Opacity/AlphaOffset.uasset" 495
"../../../DummyProject/Content/StarterContent/Materials/M_Wood_Floor_Walnut_Worn.uasset" 496
"../../../DummyProject/Content/StarterContent/Textures/T_Wood_Oak_D.uasset" 497
"../../../DummyProject/Content/StarterContent/Textures/T_Wood_Oak_N.uasset" 498
"../../../DummyProject/Content/StarterContent/Materials/M_Wood_Oak.uasset" 499
"../../../DummyProject/Content/StarterContent/Textures/T_Wood_Pine_D.uasset" 500
"../../../DummyProject/Content/StarterContent/Textures/T_Wood_Pine_N.uasset" 501
"../../../DummyProject/Content/StarterContent/Materials/M_Wood_Pine.uasset" 502
"../../../DummyProject/Content/StarterContent/Textures/T_Wood_Walnut_D.uasset" 503
"../../../DummyProject/Content/StarterContent/Textures/T_Wood_Walnut_N.uasset" 504
"../../../DummyProject/Content/StarterContent/Materials/M_Wood_Walnut.uasset" 505
"../../../DummyProject/Content/StarterContent/Architecture/Wall_400x200.uasset" 506
"../../../DummyProject/Content/StarterContent/Architecture/Wall_Door_400x300.uasset" 507
"../../../DummyProject/Content/StarterContent/Architecture/Wall_Window_400x300.uasset" 508
"../../../DummyProject/Content/StarterContent/Audio/Collapse_Cue.uasset" 509
"../../../DummyProject/Content/StarterContent/Audio/Starter_Music_Cue.uasset" 510
"../../../DummyProject/Content/StarterContent/Textures/T_Dust_Particle_D.uasset" 511
"../../../DummyProject/Content/StarterContent/Particles/Materials/M_Dust_Particle.uasset" 512
"../../../DummyProject/Content/StarterContent/Particles/P_Ambient_Dust.uasset" 513
"../../../DummyProject/Content/StarterContent/Props/MaterialSphere.uasset" 514
"../../../DummyProject/Content/StarterContent/Textures/T_Frame_M.uasset" 515
"../../../DummyProject/Content/StarterContent/Textures/T_Frame_N.uasset" 516
"../../../DummyProject/Content/StarterContent/Props/Materials/M_Frame.uasset" 517
"../../../DummyProject/Content/StarterContent/Props/SM_CornerFrame.uasset" 518
"../../../DummyProject/Content/StarterContent/Props/SM_DoorFrame.uasset" 519
"../../../DummyProject/Content/StarterContent/Props/SM_GlassWindow.uasset" 520
"../../../DummyProject/Content/StarterContent/Props/SM_PillarFrame.uasset" 521
"../../../DummyProject/Content/StarterContent/Props/SM_PillarFrame300.uasset" 522
"../../../DummyProject/Content/StarterContent/Props/SM_WindowFrame.uasset" 523
"../../../DummyProject/Content/StarterContent/Shapes/Shape_Cube.uasset" 524
"../../../DummyProject/Content/StarterContent/Shapes/Shape_QuadPyramid.uasset" 525
"../../../DummyProject/Content/StarterContent/Shapes/Shape_Sphere.uasset" 526
"../../../DummyProject/Content/StarterContent/Maps/StarterMap.umap" 527
"../../../Engine/Content/Maps/Entry_BuiltData.uasset" 528
"../../../Engine/Content/Maps/Entry.umap" 529
